<?xml version="1.0" encoding="UTF-8"?>
<!-- Generated by org.testng.reporters.JUnitReportReporter -->
<testsuite hostname="DESKTOP-BG8PPTU" failures="0" tests="4" name="com.tests.TextBoxTest" time="10.962" errors="0" timestamp="2025-11-07T17:21:52 IST" skipped="0">
  <testcase classname="com.tests.TextBoxTest" name="tc01_verifyPageTitle" time="2.689"/>
  <testcase classname="com.tests.TextBoxTest" name="tc03_verifyEditableTextbox" time="2.924"/>
  <testcase classname="com.tests.TextBoxTest" name="tc02_verifyNonEditableBox" time="2.542"/>
  <testcase classname="com.tests.TextBoxTest" name="tc04_verifyUsernameBox" time="2.807"/>
  <system-out>
    <![CDATA[Navigating to QAFeast demo website
Test Failed: tc01_verifyPageTitle
<br><a href='D:\Lakshmi\QAFeast\Screenshot\tc01_verifyPageTitle.png' target='_blank'>Click here to open screenshot</a>
<br><img src='D:\Lakshmi\QAFeast\Screenshot\tc01_verifyPageTitle.png' height='400' width='600'/><br>
Navigating to QAFeast demo website
Navigating to QAFeast demo website
Navigating to QAFeast demo website
Navigating to QAFeast demo website
Navigating to QAFeast demo website
Navigating to QAFeast demo website
Navigating to QAFeast demo website
Navigating to QAFeast demo website
Navigating to QAFeast demo website
Navigating to QAFeast demo website
Navigating to QAFeast demo website
Navigating to QAFeast demo website
Navigating to QAFeast demo website
Navigating to QAFeast demo website
Navigating to QAFeast demo website
Navigating to QAFeast demo website
Navigating to QAFeast demo website
Navigating to QAFeast demo website
Navigating to QAFeast demo website
Navigating to QAFeast demo website
Navigating to QAFeast demo website
Navigating to QAFeast demo website]]>
  </system-out>
</testsuite> <!-- com.tests.TextBoxTest -->
